<?xml version="1.0" encoding="UTF-8"?>
<testsuite name="com.first.springboot.web.dto.HelloResponseDtoTest" tests="1" skipped="0" failures="0" errors="0" timestamp="2020-10-13T16:24:16" hostname="DESKTOP-5DEVR1B" time="0.005">
  <properties/>
  <testcase name="lombokTest" classname="com.first.springboot.web.dto.HelloResponseDtoTest" time="0.005"/>
  <system-out><![CDATA[]]></system-out>
  <system-err><![CDATA[]]></system-err>
</testsuite>
