<?xml version="1.0" encoding="UTF-8"?>
<testsuite name="com.first.springboot.domain.posts.PostsRepositoryTest" tests="2" skipped="0" failures="0" errors="0" timestamp="2020-10-13T16:24:15" hostname="DESKTOP-5DEVR1B" time="0.417">
  <properties/>
  <testcase name="registerBaseTimeEntity" classname="com.first.springboot.domain.posts.PostsRepositoryTest" time="0.391"/>
  <testcase name="loadContent" classname="com.first.springboot.domain.posts.PostsRepositoryTest" time="0.025"/>
  <system-out><![CDATA[01:24:05.869 [Test worker] DEBUG org.springframework.test.context.junit4.SpringJUnit4ClassRunner - SpringJUnit4ClassRunner constructor called with [class com.first.springboot.domain.posts.PostsRepositoryTest]
01:24:05.882 [Test worker] DEBUG org.springframework.test.context.BootstrapUtils - Instantiating CacheAwareContextLoaderDelegate from class [org.springframework.test.context.cache.DefaultCacheAwareContextLoaderDelegate]
01:24:05.902 [Test worker] DEBUG org.springframework.test.context.BootstrapUtils - Instantiating BootstrapContext using constructor [public org.springframework.test.context.support.DefaultBootstrapContext(java.lang.Class,org.springframework.test.context.CacheAwareContextLoaderDelegate)]
01:24:05.933 [Test worker] DEBUG org.springframework.test.context.BootstrapUtils - Instantiating TestContextBootstrapper for test class [com.first.springboot.domain.posts.PostsRepositoryTest] from class [org.springframework.boot.test.context.SpringBootTestContextBootstrapper]
01:24:05.954 [Test worker] INFO org.springframework.boot.test.context.SpringBootTestContextBootstrapper - Neither @ContextConfiguration nor @ContextHierarchy found for test class [com.first.springboot.domain.posts.PostsRepositoryTest], using SpringBootContextLoader
01:24:05.958 [Test worker] DEBUG org.springframework.test.context.support.AbstractContextLoader - Did not detect default resource location for test class [com.first.springboot.domain.posts.PostsRepositoryTest]: class path resource [com/first/springboot/domain/posts/PostsRepositoryTest-context.xml] does not exist
01:24:05.959 [Test worker] DEBUG org.springframework.test.context.support.AbstractContextLoader - Did not detect default resource location for test class [com.first.springboot.domain.posts.PostsRepositoryTest]: class path resource [com/first/springboot/domain/posts/PostsRepositoryTestContext.groovy] does not exist
01:24:05.959 [Test worker] INFO org.springframework.test.context.support.AbstractContextLoader - Could not detect default resource locations for test class [com.first.springboot.domain.posts.PostsRepositoryTest]: no resource found for suffixes {-context.xml, Context.groovy}.
01:24:05.961 [Test worker] INFO org.springframework.test.context.support.AnnotationConfigContextLoaderUtils - Could not detect default configuration classes for test class [com.first.springboot.domain.posts.PostsRepositoryTest]: PostsRepositoryTest does not declare any static, non-private, non-final, nested classes annotated with @Configuration.
01:24:06.024 [Test worker] DEBUG org.springframework.test.context.support.ActiveProfilesUtils - Could not find an 'annotation declaring class' for annotation type [org.springframework.test.context.ActiveProfiles] and class [com.first.springboot.domain.posts.PostsRepositoryTest]
01:24:06.150 [Test worker] DEBUG org.springframework.context.annotation.ClassPathScanningCandidateComponentProvider - Identified candidate component class: file [C:\Users\HoeYeon\Desktop\self_study\side_project\CRUD_springboot\build\classes\java\main\com\first\springboot\Application.class]
01:24:06.152 [Test worker] INFO org.springframework.boot.test.context.SpringBootTestContextBootstrapper - Found @SpringBootConfiguration com.first.springboot.Application for test class com.first.springboot.domain.posts.PostsRepositoryTest
01:24:06.317 [Test worker] DEBUG org.springframework.boot.test.context.SpringBootTestContextBootstrapper - @TestExecutionListeners is not present for class [com.first.springboot.domain.posts.PostsRepositoryTest]: using defaults.
01:24:06.318 [Test worker] INFO org.springframework.boot.test.context.SpringBootTestContextBootstrapper - Loaded default TestExecutionListener class names from location [META-INF/spring.factories]: [org.springframework.boot.test.autoconfigure.restdocs.RestDocsTestExecutionListener, org.springframework.boot.test.autoconfigure.web.client.MockRestServiceServerResetTestExecutionListener, org.springframework.boot.test.autoconfigure.web.servlet.MockMvcPrintOnlyOnFailureTestExecutionListener, org.springframework.boot.test.autoconfigure.web.servlet.WebDriverTestExecutionListener, org.springframework.boot.test.mock.mockito.MockitoTestExecutionListener, org.springframework.boot.test.mock.mockito.ResetMocksTestExecutionListener, org.springframework.test.context.web.ServletTestExecutionListener, org.springframework.test.context.support.DirtiesContextBeforeModesTestExecutionListener, org.springframework.test.context.support.DependencyInjectionTestExecutionListener, org.springframework.test.context.support.DirtiesContextTestExecutionListener, org.springframework.test.context.transaction.TransactionalTestExecutionListener, org.springframework.test.context.jdbc.SqlScriptsTestExecutionListener]
01:24:06.349 [Test worker] INFO org.springframework.boot.test.context.SpringBootTestContextBootstrapper - Using TestExecutionListeners: [org.springframework.test.context.web.ServletTestExecutionListener@58e5f640, org.springframework.test.context.support.DirtiesContextBeforeModesTestExecutionListener@7b5f1479, org.springframework.boot.test.mock.mockito.MockitoTestExecutionListener@2ceeab61, org.springframework.boot.test.autoconfigure.SpringBootDependencyInjectionTestExecutionListener@716da3d2, org.springframework.test.context.support.DirtiesContextTestExecutionListener@6cd0c49, org.springframework.test.context.transaction.TransactionalTestExecutionListener@5b23c35, org.springframework.test.context.jdbc.SqlScriptsTestExecutionListener@5c5e2a41, org.springframework.boot.test.autoconfigure.restdocs.RestDocsTestExecutionListener@4031612b, org.springframework.boot.test.autoconfigure.web.client.MockRestServiceServerResetTestExecutionListener@2e708220, org.springframework.boot.test.autoconfigure.web.servlet.MockMvcPrintOnlyOnFailureTestExecutionListener@3ab7504f, org.springframework.boot.test.autoconfigure.web.servlet.WebDriverTestExecutionListener@1716797a, org.springframework.boot.test.mock.mockito.ResetMocksTestExecutionListener@5ce56a8a]
01:24:06.355 [Test worker] DEBUG org.springframework.test.annotation.ProfileValueUtils - Retrieved @ProfileValueSourceConfiguration [null] for test class [com.first.springboot.domain.posts.PostsRepositoryTest]
01:24:06.356 [Test worker] DEBUG org.springframework.test.annotation.ProfileValueUtils - Retrieved ProfileValueSource type [class org.springframework.test.annotation.SystemProfileValueSource] for class [com.first.springboot.domain.posts.PostsRepositoryTest]
01:24:06.357 [Test worker] DEBUG org.springframework.test.annotation.ProfileValueUtils - Retrieved @ProfileValueSourceConfiguration [null] for test class [com.first.springboot.domain.posts.PostsRepositoryTest]
01:24:06.357 [Test worker] DEBUG org.springframework.test.annotation.ProfileValueUtils - Retrieved ProfileValueSource type [class org.springframework.test.annotation.SystemProfileValueSource] for class [com.first.springboot.domain.posts.PostsRepositoryTest]
01:24:06.366 [Test worker] DEBUG org.springframework.test.context.support.AbstractDirtiesContextTestExecutionListener - Before test class: context [DefaultTestContext@2c9a2bb testClass = PostsRepositoryTest, testInstance = [null], testMethod = [null], testException = [null], mergedContextConfiguration = [WebMergedContextConfiguration@2e48bfcc testClass = PostsRepositoryTest, locations = '{}', classes = '{class com.first.springboot.Application}', contextInitializerClasses = '[]', activeProfiles = '{}', propertySourceLocations = '{}', propertySourceProperties = '{org.springframework.boot.test.context.SpringBootTestContextBootstrapper=true}', contextCustomizers = set[org.springframework.boot.test.autoconfigure.properties.PropertyMappingContextCustomizer@0, org.springframework.boot.test.autoconfigure.web.servlet.WebDriverContextCustomizerFactory$Customizer@7ffd7efd, org.springframework.boot.test.context.filter.ExcludeFilterContextCustomizer@163e7518, org.springframework.boot.test.json.DuplicateJsonObjectContextCustomizerFactory$DuplicateJsonObjectContextCustomizer@5945c2eb, org.springframework.boot.test.mock.mockito.MockitoContextCustomizer@0, org.springframework.boot.test.web.client.TestRestTemplateContextCustomizer@342e180e], resourceBasePath = 'src/main/webapp', contextLoader = 'org.springframework.boot.test.context.SpringBootContextLoader', parent = [null]], attributes = map['org.springframework.test.context.web.ServletTestExecutionListener.activateListener' -> true]], class annotated with @DirtiesContext [false] with mode [null].
01:24:06.367 [Test worker] DEBUG org.springframework.test.annotation.ProfileValueUtils - Retrieved @ProfileValueSourceConfiguration [null] for test class [com.first.springboot.domain.posts.PostsRepositoryTest]
01:24:06.367 [Test worker] DEBUG org.springframework.test.annotation.ProfileValueUtils - Retrieved ProfileValueSource type [class org.springframework.test.annotation.SystemProfileValueSource] for class [com.first.springboot.domain.posts.PostsRepositoryTest]
01:24:06.406 [Test worker] DEBUG org.springframework.test.context.support.TestPropertySourceUtils - Adding inlined properties to environment: {spring.jmx.enabled=false, org.springframework.boot.test.context.SpringBootTestContextBootstrapper=true, server.port=-1}

  .   ____          _            __ _ _
 /\\ / ___'_ __ _ _(_)_ __  __ _ \ \ \ \
( ( )\___ | '_ | '_| | '_ \/ _` | \ \ \ \
 \\/  ___)| |_)| | | | | || (_| |  ) ) ) )
  '  |____| .__|_| |_|_| |_\__, | / / / /
 =========|_|==============|___/=/_/_/_/
 :: Spring Boot ::        (v2.1.7.RELEASE)

2020-10-14 01:24:06.908  INFO 14016 --- [    Test worker] c.f.s.domain.posts.PostsRepositoryTest   : Starting PostsRepositoryTest on DESKTOP-5DEVR1B with PID 14016 (started by 손회연 in C:\Users\HoeYeon\Desktop\self_study\side_project\CRUD_springboot)
2020-10-14 01:24:06.909  INFO 14016 --- [    Test worker] c.f.s.domain.posts.PostsRepositoryTest   : The following profiles are active: oauth
2020-10-14 01:24:08.401  INFO 14016 --- [    Test worker] .s.d.r.c.RepositoryConfigurationDelegate : Bootstrapping Spring Data repositories in DEFAULT mode.
2020-10-14 01:24:08.542  INFO 14016 --- [    Test worker] .s.d.r.c.RepositoryConfigurationDelegate : Finished Spring Data repository scanning in 125ms. Found 2 repository interfaces.
2020-10-14 01:24:09.308  INFO 14016 --- [    Test worker] trationDelegate$BeanPostProcessorChecker : Bean 'org.springframework.transaction.annotation.ProxyTransactionManagementConfiguration' of type [org.springframework.transaction.annotation.ProxyTransactionManagementConfiguration$$EnhancerBySpringCGLIB$$8e41c83e] is not eligible for getting processed by all BeanPostProcessors (for example: not eligible for auto-proxying)
2020-10-14 01:24:09.666  INFO 14016 --- [    Test worker] com.zaxxer.hikari.HikariDataSource       : HikariPool-1 - Starting...
2020-10-14 01:24:09.869  INFO 14016 --- [    Test worker] com.zaxxer.hikari.HikariDataSource       : HikariPool-1 - Start completed.
2020-10-14 01:24:10.036  INFO 14016 --- [    Test worker] o.hibernate.jpa.internal.util.LogHelper  : HHH000204: Processing PersistenceUnitInfo [
	name: default
	...]
2020-10-14 01:24:10.157  INFO 14016 --- [    Test worker] org.hibernate.Version                    : HHH000412: Hibernate Core {5.3.10.Final}
2020-10-14 01:24:10.161  INFO 14016 --- [    Test worker] org.hibernate.cfg.Environment            : HHH000206: hibernate.properties not found
2020-10-14 01:24:10.402  INFO 14016 --- [    Test worker] o.hibernate.annotations.common.Version   : HCANN000001: Hibernate Commons Annotations {5.0.4.Final}
2020-10-14 01:24:10.707  INFO 14016 --- [    Test worker] org.hibernate.dialect.Dialect            : HHH000400: Using dialect: org.hibernate.dialect.MySQL5InnoDBDialect
Hibernate: drop table if exists posts
Hibernate: drop table if exists user
Hibernate: create table posts (id bigint not null auto_increment, created_date datetime, modified_date datetime, author varchar(255), content TEXT not null, title varchar(500) not null, primary key (id)) engine=InnoDB
Hibernate: create table user (id bigint not null auto_increment, created_date datetime, modified_date datetime, email varchar(255) not null, name varchar(255) not null, picture varchar(255), role varchar(255) not null, primary key (id)) engine=InnoDB
2020-10-14 01:24:11.690  INFO 14016 --- [    Test worker] o.h.t.schema.internal.SchemaCreatorImpl  : HHH000476: Executing import script 'org.hibernate.tool.schema.internal.exec.ScriptSourceInputNonExistentImpl@74c89e2b'
2020-10-14 01:24:11.695  INFO 14016 --- [    Test worker] j.LocalContainerEntityManagerFactoryBean : Initialized JPA EntityManagerFactory for persistence unit 'default'
2020-10-14 01:24:12.652  INFO 14016 --- [    Test worker] o.h.h.i.QueryTranslatorFactoryInitiator  : HHH000397: Using ASTQueryTranslatorFactory
2020-10-14 01:24:13.599  INFO 14016 --- [    Test worker] o.s.s.web.DefaultSecurityFilterChain     : Creating filter chain: any request, [org.springframework.security.web.context.request.async.WebAsyncManagerIntegrationFilter@65be8f11, org.springframework.security.web.context.SecurityContextPersistenceFilter@103a52ff, org.springframework.security.web.header.HeaderWriterFilter@1e699b83, org.springframework.security.web.authentication.logout.LogoutFilter@36c799b5, org.springframework.security.oauth2.client.web.OAuth2AuthorizationRequestRedirectFilter@7a23c780, org.springframework.security.oauth2.client.web.OAuth2LoginAuthenticationFilter@3ac2ec53, org.springframework.security.web.authentication.ui.DefaultLoginPageGeneratingFilter@204934bd, org.springframework.security.web.authentication.ui.DefaultLogoutPageGeneratingFilter@60f84742, org.springframework.security.web.savedrequest.RequestCacheAwareFilter@6e703cb6, org.springframework.security.web.servletapi.SecurityContextHolderAwareRequestFilter@252f8101, org.springframework.security.web.authentication.AnonymousAuthenticationFilter@4e8312b9, org.springframework.security.web.session.SessionManagementFilter@72062cbb, org.springframework.security.web.access.ExceptionTranslationFilter@5201c594, org.springframework.security.web.access.intercept.FilterSecurityInterceptor@31c309dd]
2020-10-14 01:24:14.570  INFO 14016 --- [    Test worker] o.s.s.concurrent.ThreadPoolTaskExecutor  : Initializing ExecutorService 'applicationTaskExecutor'
2020-10-14 01:24:14.670  WARN 14016 --- [    Test worker] aWebConfiguration$JpaWebMvcConfiguration : spring.jpa.open-in-view is enabled by default. Therefore, database queries may be performed during view rendering. Explicitly configure spring.jpa.open-in-view to disable this warning
2020-10-14 01:24:14.753  INFO 14016 --- [    Test worker] o.s.b.a.w.s.WelcomePageHandlerMapping    : Adding welcome page template: index
2020-10-14 01:24:15.814  INFO 14016 --- [    Test worker] s.a.ScheduledAnnotationBeanPostProcessor : No TaskScheduler/ScheduledExecutorService bean found for scheduled processing
2020-10-14 01:24:15.828  INFO 14016 --- [    Test worker] c.f.s.domain.posts.PostsRepositoryTest   : Started PostsRepositoryTest in 9.408 seconds (JVM running for 11.585)
Hibernate: insert into posts (created_date, modified_date, author, content, title) values (?, ?, ?, ?, ?)
Hibernate: select posts0_.id as id1_0_, posts0_.created_date as created_2_0_, posts0_.modified_date as modified3_0_, posts0_.author as author4_0_, posts0_.content as content5_0_, posts0_.title as title6_0_ from posts posts0_
Hibernate: select posts0_.id as id1_0_, posts0_.created_date as created_2_0_, posts0_.modified_date as modified3_0_, posts0_.author as author4_0_, posts0_.content as content5_0_, posts0_.title as title6_0_ from posts posts0_
Hibernate: delete from posts where id=?
Hibernate: insert into posts (created_date, modified_date, author, content, title) values (?, ?, ?, ?, ?)
Hibernate: select posts0_.id as id1_0_, posts0_.created_date as created_2_0_, posts0_.modified_date as modified3_0_, posts0_.author as author4_0_, posts0_.content as content5_0_, posts0_.title as title6_0_ from posts posts0_
Hibernate: select posts0_.id as id1_0_, posts0_.created_date as created_2_0_, posts0_.modified_date as modified3_0_, posts0_.author as author4_0_, posts0_.content as content5_0_, posts0_.title as title6_0_ from posts posts0_
Hibernate: delete from posts where id=?
]]></system-out>
  <system-err><![CDATA[]]></system-err>
</testsuite>
